<?xml version="1.0" encoding="UTF-8"?>
<testng-results ignored="0" total="1" passed="1" failed="0" skipped="0">
  <reporter-output>
  </reporter-output>
  <suite started-at="2022-05-16T19:45:07 IST" name="Default suite" finished-at="2022-05-16T19:47:21 IST" duration-ms="134334">
    <groups>
    </groups>
    <test started-at="2022-05-16T19:45:07 IST" name="Default test" finished-at="2022-05-16T19:47:21 IST" duration-ms="134334">
      <class name="stepDefination.rough">
        <test-method signature="test()[pri:0, instance:stepDefination.rough@3d6f0054]" started-at="2022-05-16T19:45:07 IST" name="test" finished-at="2022-05-16T19:47:21 IST" duration-ms="134301" status="PASS">
          <reporter-output>
          </reporter-output>
        </test-method> <!-- test -->
      </class> <!-- stepDefination.rough -->
    </test> <!-- Default test -->
  </suite> <!-- Default suite -->
</testng-results>
